<?xml version="1.0" encoding="UTF-8"?>
<testng-results skipped="0" failed="2" ignored="2" total="6" passed="2">
  <reporter-output>
  </reporter-output>
  <suite name="Suite" duration-ms="79079" started-at="2021-03-24T10:04:54 IST" finished-at="2021-03-24T10:06:13 IST">
    <groups>
      <group name="smoke">
        <method signature="JoinPageTest.invalidEmaildTest()[pri:0, instance:Tests.JoinPageTest@6591f517]" name="invalidEmaildTest" class="Tests.JoinPageTest"/>
        <method signature="JoinPageTest.notApprovedDomainMessageTest()[pri:0, instance:Tests.JoinPageTest@6591f517]" name="notApprovedDomainMessageTest" class="Tests.JoinPageTest"/>
        <method signature="LoginTest.invalidEmailAddressTest()[pri:0, instance:Tests.LoginTest@345965f2]" name="invalidEmailAddressTest" class="Tests.LoginTest"/>
        <method signature="LoginTest.invalidUsernamePasswordTest()[pri:0, instance:Tests.LoginTest@345965f2]" name="invalidUsernamePasswordTest" class="Tests.LoginTest"/>
      </group> <!-- smoke -->
    </groups>
    <test name="Test" duration-ms="79079" started-at="2021-03-24T10:04:54 IST" finished-at="2021-03-24T10:06:13 IST">
      <class name="Tests.JoinPageTest">
        <test-method status="PASS" signature="extentSetup()[pri:0, instance:Tests.JoinPageTest@6591f517]" name="extentSetup" is-config="true" duration-ms="148" started-at="2021-03-24T10:04:53 IST" finished-at="2021-03-24T10:04:54 IST">
          <reporter-output>
          </reporter-output>
        </test-method> <!-- extentSetup -->
        <test-method status="PASS" signature="runDriver()[pri:0, instance:Tests.JoinPageTest@6591f517]" name="runDriver" is-config="true" duration-ms="18025" started-at="2021-03-24T10:04:54 IST" finished-at="2021-03-24T10:05:12 IST">
          <reporter-output>
          </reporter-output>
        </test-method> <!-- runDriver -->
        <test-method status="PASS" signature="setup()[pri:0, instance:Tests.JoinPageTest@6591f517]" name="setup" is-config="true" duration-ms="5369" started-at="2021-03-24T10:05:12 IST" finished-at="2021-03-24T10:05:17 IST">
          <reporter-output>
          </reporter-output>
        </test-method> <!-- setup -->
        <test-method status="PASS" signature="invalidEmaildTest()[pri:0, instance:Tests.JoinPageTest@6591f517]" name="invalidEmaildTest" duration-ms="5607" started-at="2021-03-24T10:05:17 IST" finished-at="2021-03-24T10:05:23 IST">
          <reporter-output>
          </reporter-output>
        </test-method> <!-- invalidEmaildTest -->
        <test-method status="PASS" signature="getResult(org.testng.ITestResult)[pri:0, instance:Tests.JoinPageTest@6591f517]" name="getResult" is-config="true" duration-ms="16" started-at="2021-03-24T10:05:23 IST" finished-at="2021-03-24T10:05:23 IST">
          <params>
            <param index="0">
              <value>
                <![CDATA[[TestResult name=invalidEmaildTest status=SUCCESS method=JoinPageTest.invalidEmaildTest()[pri:0, instance:Tests.JoinPageTest@6591f517] output={null}]]]>
              </value>
            </param>
          </params>
          <reporter-output>
          </reporter-output>
        </test-method> <!-- getResult -->
        <test-method status="FAIL" signature="notApprovedDomainMessageTest()[pri:0, instance:Tests.JoinPageTest@6591f517]" name="notApprovedDomainMessageTest" duration-ms="20470" started-at="2021-03-24T10:05:23 IST" finished-at="2021-03-24T10:05:43 IST">
          <exception class="org.openqa.selenium.TimeoutException">
            <message>
              <![CDATA[Expected condition failed: waiting for visibility of Proxy element for: DefaultElementLocator 'By.xpath: //div[contains(text(),'approved domain')]' (tried for 15 second(s) with 500 MILLISECONDS interval)]]>
            </message>
            <full-stacktrace>
              <![CDATA[org.openqa.selenium.TimeoutException: Expected condition failed: waiting for visibility of Proxy element for: DefaultElementLocator 'By.xpath: //div[contains(text(),'approved domain')]' (tried for 15 second(s) with 500 MILLISECONDS interval)
at org.openqa.selenium.support.ui.WebDriverWait.timeoutException(WebDriverWait.java:80)
at org.openqa.selenium.support.ui.FluentWait.until(FluentWait.java:232)
at Pages.JoinTeam.notApprovedDomain(JoinTeam.java:77)
at Tests.JoinPageTest.notApprovedDomainMessageTest(JoinPageTest.java:40)
at sun.reflect.NativeMethodAccessorImpl.invoke0(Native Method)
at sun.reflect.NativeMethodAccessorImpl.invoke(NativeMethodAccessorImpl.java:62)
at sun.reflect.DelegatingMethodAccessorImpl.invoke(DelegatingMethodAccessorImpl.java:43)
at java.lang.reflect.Method.invoke(Method.java:498)
at org.testng.internal.MethodInvocationHelper.invokeMethod(MethodInvocationHelper.java:133)
at org.testng.internal.TestInvoker.invokeMethod(TestInvoker.java:584)
at org.testng.internal.TestInvoker.invokeTestMethod(TestInvoker.java:172)
at org.testng.internal.MethodRunner.runInSequence(MethodRunner.java:46)
at org.testng.internal.TestInvoker$MethodInvocationAgent.invoke(TestInvoker.java:804)
at org.testng.internal.TestInvoker.invokeTestMethods(TestInvoker.java:145)
at org.testng.internal.TestMethodWorker.invokeTestMethods(TestMethodWorker.java:146)
at org.testng.internal.TestMethodWorker.run(TestMethodWorker.java:128)
at java.util.ArrayList.forEach(ArrayList.java:1257)
at org.testng.TestRunner.privateRun(TestRunner.java:770)
at org.testng.TestRunner.run(TestRunner.java:591)
at org.testng.SuiteRunner.runTest(SuiteRunner.java:402)
at org.testng.SuiteRunner.runSequentially(SuiteRunner.java:396)
at org.testng.SuiteRunner.privateRun(SuiteRunner.java:355)
at org.testng.SuiteRunner.run(SuiteRunner.java:304)
at org.testng.SuiteRunnerWorker.runSuite(SuiteRunnerWorker.java:53)
at org.testng.SuiteRunnerWorker.run(SuiteRunnerWorker.java:96)
at org.testng.TestNG.runSuitesSequentially(TestNG.java:1180)
at org.testng.TestNG.runSuitesLocally(TestNG.java:1102)
at org.testng.TestNG.runSuites(TestNG.java:1032)
at org.testng.TestNG.run(TestNG.java:1000)
at org.testng.remote.AbstractRemoteTestNG.run(AbstractRemoteTestNG.java:115)
at org.testng.remote.RemoteTestNG.initAndRun(RemoteTestNG.java:251)
at org.testng.remote.RemoteTestNG.main(RemoteTestNG.java:77)
Caused by: org.openqa.selenium.NoSuchElementException: no such element: Unable to locate element: {"method":"xpath","selector":"//div[contains(text(),'approved domain')]"}
  (Session info: chrome=89.0.4389.90)
  (Driver info: chromedriver=2.41.578737 (49da6702b16031c40d63e5618de03a32ff6c197e),platform=Windows NT 10.0.19042 x86_64) (WARNING: The server did not provide any stacktrace information)
Command duration or timeout: 0 milliseconds
For documentation on this error, please visit: http://seleniumhq.org/exceptions/no_such_element.html
Build info: version: '3.5.3', revision: 'a88d25fe6b', time: '2017-08-29T12:42:44.417Z'
System info: host: 'EEEPC0729', ip: '192.168.43.186', os.name: 'Windows 10', os.arch: 'amd64', os.version: '10.0', java.version: '1.8.0_171'
Driver info: org.openqa.selenium.chrome.ChromeDriver
Capabilities [{mobileEmulationEnabled=false, hasTouchScreen=false, platform=XP, acceptSslCerts=false, goog:chromeOptions={debuggerAddress=localhost:55206}, acceptInsecureCerts=false, webStorageEnabled=true, browserName=chrome, takesScreenshot=true, javascriptEnabled=true, platformName=XP, setWindowRect=true, unexpectedAlertBehaviour=, applicationCacheEnabled=false, rotatable=false, networkConnectionEnabled=false, chrome={chromedriverVersion=2.41.578737 (49da6702b16031c40d63e5618de03a32ff6c197e), userDataDir=C:\Users\VIKRAN~1.PUN\AppData\Local\Temp\scoped_dir3220_29275}, takesHeapSnapshot=true, unhandledPromptBehavior=, pageLoadStrategy=normal, databaseEnabled=false, handlesAlerts=true, version=89.0.4389.90, browserConnectionEnabled=false, nativeEvents=true, locationContextEnabled=true, cssSelectorsEnabled=true}]
Session ID: 056e214709af630c039cfbe13841ff8d
*** Element info: {Using=xpath, value=//div[contains(text(),'approved domain')]}
at sun.reflect.GeneratedConstructorAccessor13.newInstance(Unknown Source)
at sun.reflect.DelegatingConstructorAccessorImpl.newInstance(DelegatingConstructorAccessorImpl.java:45)
at java.lang.reflect.Constructor.newInstance(Constructor.java:423)
at org.openqa.selenium.remote.ErrorHandler.createThrowable(ErrorHandler.java:215)
at org.openqa.selenium.remote.ErrorHandler.throwIfResponseFailed(ErrorHandler.java:167)
at org.openqa.selenium.remote.http.JsonHttpResponseCodec.reconstructValue(JsonHttpResponseCodec.java:40)
at org.openqa.selenium.remote.http.AbstractHttpResponseCodec.decode(AbstractHttpResponseCodec.java:82)
at org.openqa.selenium.remote.http.AbstractHttpResponseCodec.decode(AbstractHttpResponseCodec.java:45)
at org.openqa.selenium.remote.HttpCommandExecutor.execute(HttpCommandExecutor.java:164)
at org.openqa.selenium.remote.service.DriverCommandExecutor.execute(DriverCommandExecutor.java:82)
at org.openqa.selenium.remote.RemoteWebDriver.execute(RemoteWebDriver.java:646)
at org.openqa.selenium.remote.RemoteWebDriver.findElement(RemoteWebDriver.java:416)
at org.openqa.selenium.remote.RemoteWebDriver.findElementByXPath(RemoteWebDriver.java:518)
at org.openqa.selenium.By$ByXPath.findElement(By.java:361)
at org.openqa.selenium.remote.RemoteWebDriver.findElement(RemoteWebDriver.java:408)
at org.openqa.selenium.support.pagefactory.DefaultElementLocator.findElement(DefaultElementLocator.java:69)
at org.openqa.selenium.support.pagefactory.internal.LocatingElementHandler.invoke(LocatingElementHandler.java:38)
at com.sun.proxy.$Proxy12.isDisplayed(Unknown Source)
at org.openqa.selenium.support.ui.ExpectedConditions.elementIfVisible(ExpectedConditions.java:302)
at org.openqa.selenium.support.ui.ExpectedConditions.access$100(ExpectedConditions.java:44)
at org.openqa.selenium.support.ui.ExpectedConditions$10.apply(ExpectedConditions.java:288)
at org.openqa.selenium.support.ui.ExpectedConditions$10.apply(ExpectedConditions.java:285)
at org.openqa.selenium.support.ui.FluentWait.until(FluentWait.java:209)
... 30 more
]]>
            </full-stacktrace>
          </exception> <!-- org.openqa.selenium.TimeoutException -->
          <reporter-output>
          </reporter-output>
        </test-method> <!-- notApprovedDomainMessageTest -->
        <test-method status="PASS" signature="getResult(org.testng.ITestResult)[pri:0, instance:Tests.JoinPageTest@6591f517]" name="getResult" is-config="true" duration-ms="524" started-at="2021-03-24T10:05:43 IST" finished-at="2021-03-24T10:05:44 IST">
          <params>
            <param index="0">
              <value>
                <![CDATA[[TestResult name=notApprovedDomainMessageTest status=FAILURE method=JoinPageTest.notApprovedDomainMessageTest()[pri:0, instance:Tests.JoinPageTest@6591f517] output={null}]]]>
              </value>
            </param>
          </params>
          <reporter-output>
          </reporter-output>
        </test-method> <!-- getResult -->
        <test-method status="PASS" signature="close()[pri:0, instance:Tests.JoinPageTest@6591f517]" name="close" is-config="true" duration-ms="4377" started-at="2021-03-24T10:05:44 IST" finished-at="2021-03-24T10:05:48 IST">
          <reporter-output>
          </reporter-output>
        </test-method> <!-- close -->
        <test-method status="PASS" signature="flush()[pri:0, instance:Tests.JoinPageTest@6591f517]" name="flush" is-config="true" duration-ms="401" started-at="2021-03-24T10:06:13 IST" finished-at="2021-03-24T10:06:13 IST">
          <reporter-output>
          </reporter-output>
        </test-method> <!-- flush -->
      </class> <!-- Tests.JoinPageTest -->
      <class name="Tests.LoginTest">
        <test-method status="PASS" signature="runDriver()[pri:0, instance:Tests.LoginTest@345965f2]" name="runDriver" is-config="true" duration-ms="14914" started-at="2021-03-24T10:05:48 IST" finished-at="2021-03-24T10:06:03 IST">
          <reporter-output>
          </reporter-output>
        </test-method> <!-- runDriver -->
        <test-method status="PASS" signature="setup()[pri:0, instance:Tests.LoginTest@345965f2]" name="setup" is-config="true" duration-ms="81" started-at="2021-03-24T10:06:03 IST" finished-at="2021-03-24T10:06:03 IST">
          <reporter-output>
          </reporter-output>
        </test-method> <!-- setup -->
        <test-method status="FAIL" signature="invalidEmailAddressTest()[pri:0, instance:Tests.LoginTest@345965f2]" name="invalidEmailAddressTest" duration-ms="2738" started-at="2021-03-24T10:06:03 IST" finished-at="2021-03-24T10:06:06 IST">
          <exception class="java.lang.AssertionError">
            <message>
              <![CDATA[did not expect to find [false] but found [true]]]>
            </message>
            <full-stacktrace>
              <![CDATA[java.lang.AssertionError: did not expect to find [false] but found [true]
at org.testng.Assert.fail(Assert.java:97)
at org.testng.Assert.failNotEquals(Assert.java:969)
at org.testng.Assert.assertFalse(Assert.java:65)
at org.testng.Assert.assertFalse(Assert.java:75)
at Tests.LoginTest.invalidEmailAddressTest(LoginTest.java:61)
at sun.reflect.NativeMethodAccessorImpl.invoke0(Native Method)
at sun.reflect.NativeMethodAccessorImpl.invoke(NativeMethodAccessorImpl.java:62)
at sun.reflect.DelegatingMethodAccessorImpl.invoke(DelegatingMethodAccessorImpl.java:43)
at java.lang.reflect.Method.invoke(Method.java:498)
at org.testng.internal.MethodInvocationHelper.invokeMethod(MethodInvocationHelper.java:133)
at org.testng.internal.TestInvoker.invokeMethod(TestInvoker.java:584)
at org.testng.internal.TestInvoker.invokeTestMethod(TestInvoker.java:172)
at org.testng.internal.MethodRunner.runInSequence(MethodRunner.java:46)
at org.testng.internal.TestInvoker$MethodInvocationAgent.invoke(TestInvoker.java:804)
at org.testng.internal.TestInvoker.invokeTestMethods(TestInvoker.java:145)
at org.testng.internal.TestMethodWorker.invokeTestMethods(TestMethodWorker.java:146)
at org.testng.internal.TestMethodWorker.run(TestMethodWorker.java:128)
at java.util.ArrayList.forEach(ArrayList.java:1257)
at org.testng.TestRunner.privateRun(TestRunner.java:770)
at org.testng.TestRunner.run(TestRunner.java:591)
at org.testng.SuiteRunner.runTest(SuiteRunner.java:402)
at org.testng.SuiteRunner.runSequentially(SuiteRunner.java:396)
at org.testng.SuiteRunner.privateRun(SuiteRunner.java:355)
at org.testng.SuiteRunner.run(SuiteRunner.java:304)
at org.testng.SuiteRunnerWorker.runSuite(SuiteRunnerWorker.java:53)
at org.testng.SuiteRunnerWorker.run(SuiteRunnerWorker.java:96)
at org.testng.TestNG.runSuitesSequentially(TestNG.java:1180)
at org.testng.TestNG.runSuitesLocally(TestNG.java:1102)
at org.testng.TestNG.runSuites(TestNG.java:1032)
at org.testng.TestNG.run(TestNG.java:1000)
at org.testng.remote.AbstractRemoteTestNG.run(AbstractRemoteTestNG.java:115)
at org.testng.remote.RemoteTestNG.initAndRun(RemoteTestNG.java:251)
at org.testng.remote.RemoteTestNG.main(RemoteTestNG.java:77)
]]>
            </full-stacktrace>
          </exception> <!-- java.lang.AssertionError -->
          <reporter-output>
          </reporter-output>
        </test-method> <!-- invalidEmailAddressTest -->
        <test-method status="PASS" signature="getResult(org.testng.ITestResult)[pri:0, instance:Tests.LoginTest@345965f2]" name="getResult" is-config="true" duration-ms="1202" started-at="2021-03-24T10:06:06 IST" finished-at="2021-03-24T10:06:07 IST">
          <params>
            <param index="0">
              <value>
                <![CDATA[[TestResult name=invalidEmailAddressTest status=FAILURE method=LoginTest.invalidEmailAddressTest()[pri:0, instance:Tests.LoginTest@345965f2] output={null}]]]>
              </value>
            </param>
          </params>
          <reporter-output>
          </reporter-output>
        </test-method> <!-- getResult -->
        <test-method status="PASS" signature="invalidUsernamePasswordTest()[pri:0, instance:Tests.LoginTest@345965f2]" name="invalidUsernamePasswordTest" duration-ms="1315" started-at="2021-03-24T10:06:07 IST" finished-at="2021-03-24T10:06:08 IST">
          <reporter-output>
          </reporter-output>
        </test-method> <!-- invalidUsernamePasswordTest -->
        <test-method status="PASS" signature="getResult(org.testng.ITestResult)[pri:0, instance:Tests.LoginTest@345965f2]" name="getResult" is-config="true" duration-ms="1" started-at="2021-03-24T10:06:08 IST" finished-at="2021-03-24T10:06:08 IST">
          <params>
            <param index="0">
              <value>
                <![CDATA[[TestResult name=invalidUsernamePasswordTest status=SUCCESS method=LoginTest.invalidUsernamePasswordTest()[pri:0, instance:Tests.LoginTest@345965f2] output={null}]]]>
              </value>
            </param>
          </params>
          <reporter-output>
          </reporter-output>
        </test-method> <!-- getResult -->
        <test-method status="PASS" signature="close()[pri:0, instance:Tests.LoginTest@345965f2]" name="close" is-config="true" duration-ms="4389" started-at="2021-03-24T10:06:08 IST" finished-at="2021-03-24T10:06:13 IST">
          <reporter-output>
          </reporter-output>
        </test-method> <!-- close -->
      </class> <!-- Tests.LoginTest -->
    </test> <!-- Test -->
  </suite> <!-- Suite -->
</testng-results>
